<?xml version="1.0" encoding="UTF-8"?>
<!-- Generated by org.testng.reporters.JUnitReportReporter -->
<testsuite skipped="0" hostname="LAPTOP-EILKES5N" name="test.day4" tests="3" failures="0" timestamp="21 Aug 2019 03:25:29 GMT" time="0.014" errors="0">
  <testcase name="WebloginHomeLoan" time="0.003" classname="test.day4"/>
  <testcase name="MobileLoginHomeLoan" time="0.008" classname="test.day4"/>
  <testcase name="LoginAPIHomeLoan" time="0.003" classname="test.day4"/>
</testsuite> <!-- test.day4 -->
