<?xml version="1.0" encoding="UTF-8"?>
<!-- Generated by org.testng.reporters.JUnitReportReporter -->
<testsuite skipped="0" hostname="LAPTOP-EILKES5N" name="test.day2" tests="1" failures="0" timestamp="21 Aug 2019 03:25:29 GMT" time="0.006" errors="0">
  <testcase name="ploan" time="0.006" classname="test.day2"/>
</testsuite> <!-- test.day2 -->
